b:\entwicklung\projekte\vscode\gibbon\gibbon\vendor\glfw\bin\debug-windows-x86_64\glfw\glfw.pdb
b:\entwicklung\projekte\vscode\gibbon\gibbon\vendor\glfw\bin\debug-windows-x86_64\glfw\glfw.idb
b:\entwicklung\projekte\vscode\gibbon\gibbon\vendor\glfw\bin-int\debug-windows-x86_64\glfw\win32_window.obj
b:\entwicklung\projekte\vscode\gibbon\gibbon\vendor\glfw\bin-int\debug-windows-x86_64\glfw\win32_time.obj
b:\entwicklung\projekte\vscode\gibbon\gibbon\vendor\glfw\bin-int\debug-windows-x86_64\glfw\win32_thread.obj
b:\entwicklung\projekte\vscode\gibbon\gibbon\vendor\glfw\bin-int\debug-windows-x86_64\glfw\win32_monitor.obj
b:\entwicklung\projekte\vscode\gibbon\gibbon\vendor\glfw\bin-int\debug-windows-x86_64\glfw\win32_module.obj
b:\entwicklung\projekte\vscode\gibbon\gibbon\vendor\glfw\bin-int\debug-windows-x86_64\glfw\win32_joystick.obj
b:\entwicklung\projekte\vscode\gibbon\gibbon\vendor\glfw\bin-int\debug-windows-x86_64\glfw\win32_init.obj
b:\entwicklung\projekte\vscode\gibbon\gibbon\vendor\glfw\bin-int\debug-windows-x86_64\glfw\wgl_context.obj
b:\entwicklung\projekte\vscode\gibbon\gibbon\vendor\glfw\bin-int\debug-windows-x86_64\glfw\vulkan.obj
b:\entwicklung\projekte\vscode\gibbon\gibbon\vendor\glfw\bin-int\debug-windows-x86_64\glfw\platform.obj
b:\entwicklung\projekte\vscode\gibbon\gibbon\vendor\glfw\bin-int\debug-windows-x86_64\glfw\osmesa_context.obj
b:\entwicklung\projekte\vscode\gibbon\gibbon\vendor\glfw\bin-int\debug-windows-x86_64\glfw\null_window.obj
b:\entwicklung\projekte\vscode\gibbon\gibbon\vendor\glfw\bin-int\debug-windows-x86_64\glfw\null_monitor.obj
b:\entwicklung\projekte\vscode\gibbon\gibbon\vendor\glfw\bin-int\debug-windows-x86_64\glfw\null_joystick.obj
b:\entwicklung\projekte\vscode\gibbon\gibbon\vendor\glfw\bin-int\debug-windows-x86_64\glfw\null_init.obj
b:\entwicklung\projekte\vscode\gibbon\gibbon\vendor\glfw\bin-int\debug-windows-x86_64\glfw\monitor.obj
b:\entwicklung\projekte\vscode\gibbon\gibbon\vendor\glfw\bin-int\debug-windows-x86_64\glfw\input.obj
b:\entwicklung\projekte\vscode\gibbon\gibbon\vendor\glfw\bin-int\debug-windows-x86_64\glfw\init.obj
b:\entwicklung\projekte\vscode\gibbon\gibbon\vendor\glfw\bin-int\debug-windows-x86_64\glfw\egl_context.obj
b:\entwicklung\projekte\vscode\gibbon\gibbon\vendor\glfw\bin-int\debug-windows-x86_64\glfw\context.obj
b:\entwicklung\projekte\vscode\gibbon\gibbon\vendor\glfw\bin-int\debug-windows-x86_64\glfw\window.obj
b:\entwicklung\projekte\vscode\gibbon\gibbon\vendor\glfw\bin\debug-windows-x86_64\glfw\glfw.lib
b:\entwicklung\projekte\vscode\gibbon\gibbon\vendor\glfw\bin-int\debug-windows-x86_64\glfw\glfw.tlog\cl.command.1.tlog
b:\entwicklung\projekte\vscode\gibbon\gibbon\vendor\glfw\bin-int\debug-windows-x86_64\glfw\glfw.tlog\cl.items.tlog
b:\entwicklung\projekte\vscode\gibbon\gibbon\vendor\glfw\bin-int\debug-windows-x86_64\glfw\glfw.tlog\cl.read.1.tlog
b:\entwicklung\projekte\vscode\gibbon\gibbon\vendor\glfw\bin-int\debug-windows-x86_64\glfw\glfw.tlog\cl.write.1.tlog
b:\entwicklung\projekte\vscode\gibbon\gibbon\vendor\glfw\bin-int\debug-windows-x86_64\glfw\glfw.tlog\lib-link.read.1.tlog
b:\entwicklung\projekte\vscode\gibbon\gibbon\vendor\glfw\bin-int\debug-windows-x86_64\glfw\glfw.tlog\lib-link.write.1.tlog
b:\entwicklung\projekte\vscode\gibbon\gibbon\vendor\glfw\bin-int\debug-windows-x86_64\glfw\glfw.tlog\lib.command.1.tlog
